{"level":"info","message":"Hello World"}
{"level":"info","message":"Hello World"}
{"level":"info","message":"Hello World"}
{"level":"info","message":"Hello World"}
{"level":"info","message":"Hello World"}
{"level":"info","message":"Hello World","service":"app.js"}
{"level":"info","message":"Hello World","service":"app.js"}
{"level":"info","message":"Hello World","service":"app.js"}
{"level":"info","message":"Hello World","service":"app.js"}
{"level":"info","message":"Hello World","service":"app.js"}
{"level":"info","message":"Hello World","service":"app.js"}
{"level":"info","message":"Hello World","service":"app.js"}
{"level":"info","message":"Hello World","service":"app.js"}
{"level":"info","message":"Hello World","service":"app.js"}
{"level":"info","message":"Hello World","service":"app.js"}
{"level":"info","message":"Hello World","service":"app.js"}
{"level":"info","message":"Hello World","service":"app.js"}
{"level":"info","message":"Hello World","service":"app.js"}
{"level":"info","message":"Hello World","service":"app.js"}
{"level":"info","message":"Hello World","service":"app.js"}
{"level":"info","message":"Hello World","service":"app.js"}
{"level":"error","message":"error Error","service":"app.js"}
{"level":"info","message":"Hello World","service":"app.js"}
{"level":"error","message":"error Esto es algo malo","service":"app.js"}
{"level":"info","message":"Hello World","service":"app.js"}
{"level":"error","message":"error Esto es algo malo","service":"app.js"}
{"level":"info","message":"Hello World","service":"app.js"}
{"level":"error","message":"error Esto es algo malo","service":"app.js"}
{"level":"info","message":"Hello World","service":"app.js"}
{"at":"2024-01-05T21:07:40.284Z","level":"error","message":"error Esto es algo malo","service":"app.js"}
{"level":"info","message":"Hello World","service":"app.js"}
{"level":"error","message":"error Esto es algo malo","service":"app.js"}
{"level":"info","message":"Hello World","service":"app.js"}
{"level":"error","message":"error Esto es algo malo","service":"app.js"}
{"level":"info","message":"Hello World","service":"app.js"}
{"level":"error","message":"error Esto es algo malo","service":"app.js"}
{"level":"info","message":"Hello World","service":"app.js","timestamp":"2024-01-05T21:09:59.440Z"}
{"level":"error","message":"error Esto es algo malo","service":"app.js","timestamp":"2024-01-05T21:09:59.442Z"}
{"level":"info","message":"Hello World","service":"app.js","timestamp":"2024-01-05T21:10:01.806Z"}
{"level":"error","message":"error Esto es algo malo","service":"app.js","timestamp":"2024-01-05T21:10:01.808Z"}
{"level":"info","message":"Hello World","service":"app.js","timestamp":"2024-01-05T21:10:03.024Z"}
{"level":"error","message":"error Esto es algo malo","service":"app.js","timestamp":"2024-01-05T21:10:03.026Z"}
{"level":"info","message":"Hello World","service":"app.js","timestamp":"2024-01-05T21:11:19.814Z"}
{"level":"error","message":"error Esto es algo malo","service":"app.js","timestamp":"2024-01-05T21:11:19.815Z"}
{"level":"info","message":"Hello World","service":"app.js","timestamp":"2024-01-05T21:11:26.871Z"}
{"level":"error","message":"error Esto es algo malo","service":"app.js","timestamp":"2024-01-05T21:11:26.873Z"}
{"level":"info","message":"Hello World","service":"app.js","timestamp":"2024-01-05T21:24:41.068Z"}
{"level":"error","message":"error Esto es algo malo","service":"app.js","timestamp":"2024-01-05T21:24:41.070Z"}
{"level":"info","message":"Hello World","service":"app.js","timestamp":"2024-01-06T17:15:02.596Z"}
{"level":"info","message":"Hello World","service":"app.js","timestamp":"2024-01-06T17:15:03.888Z"}
{"level":"error","message":"error Esto es algo malo","service":"app.js","timestamp":"2024-01-06T17:15:03.890Z"}
{"level":"info","message":"Hello World","service":"app.js","timestamp":"2024-01-06T17:15:22.212Z"}
{"level":"error","message":"error Esto es algo malo","service":"app.js","timestamp":"2024-01-06T17:15:22.214Z"}
{"level":"info","message":"Hello World","service":"app.js","timestamp":"2024-01-06T17:15:28.299Z"}
{"level":"error","message":"error Esto es algo malo","service":"app.js","timestamp":"2024-01-06T17:15:28.302Z"}
{"level":"info","message":"Hello World","service":"app.js","timestamp":"2024-01-06T17:15:37.974Z"}
{"level":"error","message":"error Esto es algo malo","service":"app.js","timestamp":"2024-01-06T17:15:37.976Z"}
{"level":"info","message":"Hello World","service":"app.js","timestamp":"2024-01-06T17:15:51.404Z"}
{"level":"error","message":"error Esto es algo malo","service":"app.js","timestamp":"2024-01-06T17:15:51.406Z"}
{"level":"info","message":"Hello World","service":"app.js","timestamp":"2024-01-06T17:15:54.895Z"}
{"level":"error","message":"error Esto es algo malo","service":"app.js","timestamp":"2024-01-06T17:15:54.898Z"}
{"level":"info","message":"Hello World","service":"app.js","timestamp":"2024-01-06T17:15:59.573Z"}
{"level":"error","message":"error Esto es algo malo","service":"app.js","timestamp":"2024-01-06T17:15:59.575Z"}
{"level":"info","message":"Hello World","service":"app.js","timestamp":"2024-01-06T17:16:07.956Z"}
{"level":"error","message":"error Esto es algo malo","service":"app.js","timestamp":"2024-01-06T17:16:07.958Z"}
{"level":"info","message":"Hello World","service":"app.js","timestamp":"2024-01-06T17:16:15.669Z"}
{"level":"error","message":"error Esto es algo malo","service":"app.js","timestamp":"2024-01-06T17:16:15.671Z"}
{"level":"info","message":"Hello World","service":"app.js","timestamp":"2024-01-06T17:16:20.092Z"}
{"level":"error","message":"error Esto es algo malo","service":"app.js","timestamp":"2024-01-06T17:16:20.094Z"}
{"level":"info","message":"Hello World","service":"app.js","timestamp":"2024-01-06T17:16:37.809Z"}
{"level":"error","message":"error Esto es algo malo","service":"app.js","timestamp":"2024-01-06T17:16:37.811Z"}
{"level":"info","message":"Hello World","service":"app.js","timestamp":"2024-01-06T17:16:39.961Z"}
{"level":"error","message":"error Esto es algo malo","service":"app.js","timestamp":"2024-01-06T17:16:39.963Z"}
{"level":"info","message":"Hello World","service":"app.js","timestamp":"2024-01-06T17:16:43.954Z"}
{"level":"error","message":"error Esto es algo malo","service":"app.js","timestamp":"2024-01-06T17:16:43.957Z"}
{"level":"info","message":"Hello World","service":"app.js","timestamp":"2024-01-06T17:16:50.840Z"}
{"level":"error","message":"error Esto es algo malo","service":"app.js","timestamp":"2024-01-06T17:16:50.842Z"}
{"level":"info","message":"Hello World","service":"app.js","timestamp":"2024-01-06T17:16:55.098Z"}
{"level":"error","message":"error Esto es algo malo","service":"app.js","timestamp":"2024-01-06T17:16:55.100Z"}
{"level":"info","message":"Hello World","service":"app.js","timestamp":"2024-01-06T17:17:00.656Z"}
{"level":"error","message":"error Esto es algo malo","service":"app.js","timestamp":"2024-01-06T17:17:00.658Z"}
{"level":"info","message":"Hello World","service":"app.js","timestamp":"2024-01-06T17:17:46.148Z"}
{"level":"error","message":"error Esto es algo malo","service":"app.js","timestamp":"2024-01-06T17:17:46.151Z"}
{"level":"info","message":"Hello World","service":"app.js","timestamp":"2024-01-06T17:17:49.431Z"}
{"level":"error","message":"error Esto es algo malo","service":"app.js","timestamp":"2024-01-06T17:17:49.433Z"}
{"level":"info","message":"Hello World","service":"app.js","timestamp":"2024-01-06T17:17:53.929Z"}
{"level":"error","message":"error Esto es algo malo","service":"app.js","timestamp":"2024-01-06T17:17:53.931Z"}
{"level":"info","message":"Hello World","service":"app.js","timestamp":"2024-01-06T17:18:00.120Z"}
{"level":"error","message":"error Esto es algo malo","service":"app.js","timestamp":"2024-01-06T17:18:00.122Z"}
{"level":"info","message":"Hello World","service":"app.js","timestamp":"2024-01-06T17:18:07.839Z"}
{"level":"error","message":"error Esto es algo malo","service":"app.js","timestamp":"2024-01-06T17:18:07.842Z"}
{"level":"info","message":"Hello World","service":"app.js","timestamp":"2024-01-06T17:18:12.163Z"}
{"level":"error","message":"error Esto es algo malo","service":"app.js","timestamp":"2024-01-06T17:18:12.165Z"}
{"level":"info","message":"Hello World","service":"app.js","timestamp":"2024-01-06T17:18:20.602Z"}
{"level":"error","message":"error Esto es algo malo","service":"app.js","timestamp":"2024-01-06T17:18:20.604Z"}
{"level":"info","message":"Hello World","service":"app.js","timestamp":"2024-01-06T17:18:24.769Z"}
{"level":"error","message":"error Esto es algo malo","service":"app.js","timestamp":"2024-01-06T17:18:24.771Z"}
{"level":"info","message":"Hello World","service":"app.js","timestamp":"2024-01-06T17:18:29.211Z"}
{"level":"error","message":"error Esto es algo malo","service":"app.js","timestamp":"2024-01-06T17:18:29.213Z"}
{"level":"info","message":"Hello World","service":"app.js","timestamp":"2024-01-06T17:18:32.943Z"}
{"level":"error","message":"error Esto es algo malo","service":"app.js","timestamp":"2024-01-06T17:18:32.945Z"}
{"level":"info","message":"Hello World","service":"app.js","timestamp":"2024-01-06T17:18:38.204Z"}
{"level":"error","message":"error Esto es algo malo","service":"app.js","timestamp":"2024-01-06T17:18:38.206Z"}
{"level":"info","message":"Hello World","service":"app.js","timestamp":"2024-01-06T17:18:42.218Z"}
{"level":"error","message":"error Esto es algo malo","service":"app.js","timestamp":"2024-01-06T17:18:42.221Z"}
{"level":"info","message":"Hello World","service":"app.js","timestamp":"2024-01-06T17:18:44.540Z"}
{"level":"error","message":"error Esto es algo malo","service":"app.js","timestamp":"2024-01-06T17:18:44.542Z"}
{"level":"info","message":"Hello World","service":"app.js","timestamp":"2024-01-06T17:19:03.219Z"}
{"level":"error","message":"error Esto es algo malo","service":"app.js","timestamp":"2024-01-06T17:19:03.221Z"}
{"level":"info","message":"Hello World","service":"app.js","timestamp":"2024-01-06T17:19:08.577Z"}
{"level":"error","message":"error Esto es algo malo","service":"app.js","timestamp":"2024-01-06T17:19:08.579Z"}
{"level":"info","message":"Hello World","service":"app.js","timestamp":"2024-01-06T17:19:56.128Z"}
{"level":"error","message":"error Esto es algo malo","service":"app.js","timestamp":"2024-01-06T17:19:56.130Z"}
{"level":"info","message":"Hello World","service":"app.js","timestamp":"2024-01-06T17:20:03.455Z"}
{"level":"error","message":"error Esto es algo malo","service":"app.js","timestamp":"2024-01-06T17:20:03.457Z"}
{"level":"info","message":"Hello World","service":"app.js","timestamp":"2024-01-06T17:20:11.006Z"}
{"level":"error","message":"error Esto es algo malo","service":"app.js","timestamp":"2024-01-06T17:20:11.008Z"}
{"level":"info","message":"Hello World","service":"app.js","timestamp":"2024-01-06T17:20:13.669Z"}
{"level":"error","message":"error Esto es algo malo","service":"app.js","timestamp":"2024-01-06T17:20:13.671Z"}
{"level":"info","message":"Hello World","service":"app.js","timestamp":"2024-01-06T17:20:16.628Z"}
{"level":"error","message":"error Esto es algo malo","service":"app.js","timestamp":"2024-01-06T17:20:16.631Z"}
{"level":"info","message":"Hello World","service":"app.js","timestamp":"2024-01-06T17:20:18.889Z"}
{"level":"error","message":"error Esto es algo malo","service":"app.js","timestamp":"2024-01-06T17:20:18.890Z"}
{"level":"info","message":"Hello World","service":"app.js","timestamp":"2024-01-06T17:20:23.027Z"}
{"level":"error","message":"error Esto es algo malo","service":"app.js","timestamp":"2024-01-06T17:20:23.028Z"}
{"level":"info","message":"Hello World","service":"app.js","timestamp":"2024-01-06T17:20:24.525Z"}
{"level":"error","message":"error Esto es algo malo","service":"app.js","timestamp":"2024-01-06T17:20:24.527Z"}
{"level":"info","message":"Hello World","service":"app.js","timestamp":"2024-01-06T17:20:28.321Z"}
{"level":"error","message":"error Esto es algo malo","service":"app.js","timestamp":"2024-01-06T17:20:28.323Z"}
{"level":"info","message":"Hello World","service":"app.js","timestamp":"2024-01-06T17:20:30.914Z"}
{"level":"error","message":"error Esto es algo malo","service":"app.js","timestamp":"2024-01-06T17:20:30.916Z"}
{"level":"info","message":"Hello World","service":"app.js","timestamp":"2024-01-06T17:20:34.194Z"}
{"level":"error","message":"error Esto es algo malo","service":"app.js","timestamp":"2024-01-06T17:20:34.196Z"}
{"level":"info","message":"Hello World","service":"app.js","timestamp":"2024-01-06T17:20:38.896Z"}
{"level":"error","message":"error Esto es algo malo","service":"app.js","timestamp":"2024-01-06T17:20:38.899Z"}
{"level":"info","message":"Hello World","service":"app.js","timestamp":"2024-01-06T17:20:46.513Z"}
{"level":"error","message":"error Esto es algo malo","service":"app.js","timestamp":"2024-01-06T17:20:46.515Z"}
{"level":"info","message":"Hello World","service":"app.js","timestamp":"2024-01-06T17:20:48.488Z"}
{"level":"error","message":"error Esto es algo malo","service":"app.js","timestamp":"2024-01-06T17:20:48.490Z"}
{"level":"info","message":"Hello World","service":"app.js","timestamp":"2024-01-06T17:20:54.344Z"}
{"level":"error","message":"error Esto es algo malo","service":"app.js","timestamp":"2024-01-06T17:20:54.346Z"}
{"level":"info","message":"Hello World","service":"app.js","timestamp":"2024-01-06T17:20:56.607Z"}
{"level":"error","message":"error Esto es algo malo","service":"app.js","timestamp":"2024-01-06T17:20:56.609Z"}
{"level":"info","message":"Hello World","service":"app.js","timestamp":"2024-01-06T17:21:02.441Z"}
{"level":"error","message":"error Esto es algo malo","service":"app.js","timestamp":"2024-01-06T17:21:02.443Z"}
{"level":"info","message":"Hello World","service":"app.js","timestamp":"2024-01-06T17:21:04.102Z"}
{"level":"error","message":"error Esto es algo malo","service":"app.js","timestamp":"2024-01-06T17:21:04.104Z"}
{"level":"info","message":"Hello World","service":"app.js","timestamp":"2024-01-06T17:21:06.271Z"}
{"level":"error","message":"error Esto es algo malo","service":"app.js","timestamp":"2024-01-06T17:21:06.273Z"}
{"level":"info","message":"Hello World","service":"app.js","timestamp":"2024-01-06T17:21:20.386Z"}
{"level":"error","message":"error Esto es algo malo","service":"app.js","timestamp":"2024-01-06T17:21:20.388Z"}
{"level":"info","message":"Hello World","service":"app.js","timestamp":"2024-01-06T17:21:22.082Z"}
{"level":"error","message":"error Esto es algo malo","service":"app.js","timestamp":"2024-01-06T17:21:22.085Z"}
{"level":"info","message":"Hello World","service":"app.js","timestamp":"2024-01-06T17:21:25.068Z"}
{"level":"error","message":"error Esto es algo malo","service":"app.js","timestamp":"2024-01-06T17:21:25.071Z"}
{"level":"info","message":"Hello World","service":"app.js","timestamp":"2024-01-06T17:21:27.463Z"}
{"level":"error","message":"error Esto es algo malo","service":"app.js","timestamp":"2024-01-06T17:21:27.466Z"}
{"level":"info","message":"Hello World","service":"app.js","timestamp":"2024-01-06T17:22:04.489Z"}
{"level":"error","message":"error Esto es algo malo","service":"app.js","timestamp":"2024-01-06T17:22:04.492Z"}
{"level":"info","message":"Hello World","service":"app.js","timestamp":"2024-01-06T17:23:37.933Z"}
{"level":"error","message":"error Esto es algo malo","service":"app.js","timestamp":"2024-01-06T17:23:37.935Z"}
{"level":"info","message":"Hello World","service":"app.js","timestamp":"2024-01-06T17:23:39.205Z"}
{"level":"error","message":"error Esto es algo malo","service":"app.js","timestamp":"2024-01-06T17:23:39.208Z"}
{"level":"info","message":"Hello World","service":"app.js","timestamp":"2024-01-06T17:23:41.931Z"}
{"level":"error","message":"error Esto es algo malo","service":"app.js","timestamp":"2024-01-06T17:23:41.933Z"}
{"level":"info","message":"Hello World","service":"app.js","timestamp":"2024-01-06T17:23:45.141Z"}
{"level":"error","message":"error Esto es algo malo","service":"app.js","timestamp":"2024-01-06T17:23:45.143Z"}
{"level":"info","message":"Hello World","service":"app.js","timestamp":"2024-01-06T17:24:03.333Z"}
{"level":"error","message":"error Esto es algo malo","service":"app.js","timestamp":"2024-01-06T17:24:03.335Z"}
{"level":"info","message":"Hello World","service":"app.js","timestamp":"2024-01-06T17:24:08.568Z"}
{"level":"error","message":"error Esto es algo malo","service":"app.js","timestamp":"2024-01-06T17:24:08.570Z"}
{"level":"info","message":"Hello World","service":"app.js","timestamp":"2024-01-06T17:24:13.886Z"}
{"level":"error","message":"error Esto es algo malo","service":"app.js","timestamp":"2024-01-06T17:24:13.888Z"}
{"level":"info","message":"Hello World","service":"app.js","timestamp":"2024-01-06T17:24:20.160Z"}
{"level":"error","message":"error Esto es algo malo","service":"app.js","timestamp":"2024-01-06T17:24:20.162Z"}
{"level":"info","message":"Hello World","service":"app.js","timestamp":"2024-01-06T17:24:26.773Z"}
{"level":"error","message":"error Esto es algo malo","service":"app.js","timestamp":"2024-01-06T17:24:26.775Z"}
{"level":"info","message":"Hello World","service":"app.js","timestamp":"2024-01-06T17:24:31.377Z"}
{"level":"error","message":"error Esto es algo malo","service":"app.js","timestamp":"2024-01-06T17:24:31.379Z"}
{"level":"info","message":"Hello World","service":"app.js","timestamp":"2024-01-06T17:24:34.921Z"}
{"level":"error","message":"error Esto es algo malo","service":"app.js","timestamp":"2024-01-06T17:24:34.923Z"}
{"level":"info","message":"Hello World","service":"app.js","timestamp":"2024-01-06T17:24:39.654Z"}
{"level":"error","message":"error Esto es algo malo","service":"app.js","timestamp":"2024-01-06T17:24:39.656Z"}
{"level":"info","message":"Hello World","service":"app.js","timestamp":"2024-01-06T17:25:02.190Z"}
{"level":"error","message":"error Esto es algo malo","service":"app.js","timestamp":"2024-01-06T17:25:02.192Z"}
{"level":"info","message":"Hello World","service":"app.js","timestamp":"2024-01-06T17:25:09.985Z"}
{"level":"error","message":"error Esto es algo malo","service":"app.js","timestamp":"2024-01-06T17:25:09.987Z"}
{"level":"info","message":"Hello World","service":"app.js","timestamp":"2024-01-06T17:25:21.045Z"}
{"level":"error","message":"error Esto es algo malo","service":"app.js","timestamp":"2024-01-06T17:25:21.047Z"}
{"level":"info","message":"Hello World","service":"app.js","timestamp":"2024-01-06T17:25:24.480Z"}
{"level":"error","message":"error Esto es algo malo","service":"app.js","timestamp":"2024-01-06T17:25:24.482Z"}
{"level":"info","message":"Hello World","service":"app.js","timestamp":"2024-01-06T17:25:34.324Z"}
{"level":"error","message":"error Esto es algo malo","service":"app.js","timestamp":"2024-01-06T17:25:34.327Z"}
{"level":"info","message":"Hello World","service":"app.js","timestamp":"2024-01-06T17:25:37.134Z"}
{"level":"error","message":"error Esto es algo malo","service":"app.js","timestamp":"2024-01-06T17:25:37.136Z"}
{"level":"info","message":"Hello World","service":"app.js","timestamp":"2024-01-06T17:26:14.027Z"}
{"level":"error","message":"error Esto es algo malo","service":"app.js","timestamp":"2024-01-06T17:26:14.029Z"}
{"level":"info","message":"Hello World","service":"app.js","timestamp":"2024-01-06T17:26:39.914Z"}
{"level":"error","message":"error Esto es algo malo","service":"app.js","timestamp":"2024-01-06T17:26:39.916Z"}
{"level":"info","message":"Hello World","service":"app.js","timestamp":"2024-01-06T17:26:44.330Z"}
{"level":"error","message":"error Esto es algo malo","service":"app.js","timestamp":"2024-01-06T17:26:44.332Z"}
{"level":"info","message":"Hello World","service":"app.js","timestamp":"2024-01-06T17:26:47.552Z"}
{"level":"error","message":"error Esto es algo malo","service":"app.js","timestamp":"2024-01-06T17:26:47.555Z"}
{"level":"info","message":"Hello World","service":"app.js","timestamp":"2024-01-06T17:26:50.546Z"}
{"level":"error","message":"error Esto es algo malo","service":"app.js","timestamp":"2024-01-06T17:26:50.548Z"}
{"level":"info","message":"Hello World","service":"app.js","timestamp":"2024-01-06T17:26:53.111Z"}
{"level":"error","message":"error Esto es algo malo","service":"app.js","timestamp":"2024-01-06T17:26:53.113Z"}
{"level":"info","message":"Hello World","service":"app.js","timestamp":"2024-01-06T17:26:56.159Z"}
{"level":"error","message":"error Esto es algo malo","service":"app.js","timestamp":"2024-01-06T17:26:56.161Z"}
{"level":"info","message":"Hello World","service":"app.js","timestamp":"2024-01-06T17:26:58.294Z"}
{"level":"error","message":"error Esto es algo malo","service":"app.js","timestamp":"2024-01-06T17:26:58.296Z"}
{"level":"info","message":"Hello World","service":"app.js","timestamp":"2024-01-06T17:27:00.463Z"}
{"level":"error","message":"error Esto es algo malo","service":"app.js","timestamp":"2024-01-06T17:27:00.465Z"}
{"level":"info","message":"Hello World","service":"app.js","timestamp":"2024-01-06T17:27:12.494Z"}
{"level":"error","message":"error Esto es algo malo","service":"app.js","timestamp":"2024-01-06T17:27:12.496Z"}
{"level":"info","message":"Hello World","service":"app.js","timestamp":"2024-01-06T17:27:16.738Z"}
{"level":"error","message":"error Esto es algo malo","service":"app.js","timestamp":"2024-01-06T17:27:16.740Z"}
{"level":"info","message":"Hello World","service":"app.js","timestamp":"2024-01-06T17:27:29.256Z"}
{"level":"error","message":"error Esto es algo malo","service":"app.js","timestamp":"2024-01-06T17:27:29.259Z"}
{"level":"info","message":"Hello World","service":"app.js","timestamp":"2024-01-06T17:27:34.577Z"}
{"level":"error","message":"error Esto es algo malo","service":"app.js","timestamp":"2024-01-06T17:27:34.579Z"}
{"level":"info","message":"Hello World","service":"app.js","timestamp":"2024-01-06T17:27:42.371Z"}
{"level":"error","message":"error Esto es algo malo","service":"app.js","timestamp":"2024-01-06T17:27:42.373Z"}
{"level":"info","message":"Hello World","service":"app.js","timestamp":"2024-01-06T17:27:58.348Z"}
{"level":"error","message":"error Esto es algo malo","service":"app.js","timestamp":"2024-01-06T17:27:58.350Z"}
{"level":"info","message":"Hello World","service":"app.js","timestamp":"2024-01-06T17:28:30.521Z"}
{"level":"error","message":"error Esto es algo malo","service":"app.js","timestamp":"2024-01-06T17:28:30.523Z"}
{"level":"info","message":"Hello World","service":"app.js","timestamp":"2024-01-06T17:28:38.671Z"}
{"level":"error","message":"error Esto es algo malo","service":"app.js","timestamp":"2024-01-06T17:28:38.674Z"}
{"level":"info","message":"Hello World","service":"app.js","timestamp":"2024-01-06T17:29:21.360Z"}
{"level":"error","message":"error Esto es algo malo","service":"app.js","timestamp":"2024-01-06T17:29:21.363Z"}
{"level":"info","message":"Hello World","service":"app.js","timestamp":"2024-01-06T17:30:44.642Z"}
{"level":"error","message":"error Esto es algo malo","service":"app.js","timestamp":"2024-01-06T17:30:44.643Z"}
{"level":"info","message":"Hello World","service":"app.js","timestamp":"2024-01-06T17:30:52.531Z"}
{"level":"error","message":"error Esto es algo malo","service":"app.js","timestamp":"2024-01-06T17:30:52.533Z"}
{"level":"info","message":"Hello World","service":"app.js","timestamp":"2024-01-06T17:30:57.483Z"}
{"level":"error","message":"error Esto es algo malo","service":"app.js","timestamp":"2024-01-06T17:30:57.485Z"}
{"level":"info","message":"Hello World","service":"app.js","timestamp":"2024-01-06T17:30:59.122Z"}
{"level":"error","message":"error Esto es algo malo","service":"app.js","timestamp":"2024-01-06T17:30:59.123Z"}
{"level":"info","message":"Hello World","service":"app.js","timestamp":"2024-01-06T17:31:13.423Z"}
{"level":"error","message":"error Esto es algo malo","service":"app.js","timestamp":"2024-01-06T17:31:13.426Z"}
{"level":"info","message":"Hello World","service":"app.js","timestamp":"2024-01-06T17:31:17.876Z"}
{"level":"error","message":"error Esto es algo malo","service":"app.js","timestamp":"2024-01-06T17:31:17.878Z"}
{"level":"info","message":"Hello World","service":"app.js","timestamp":"2024-01-06T17:31:22.248Z"}
{"level":"error","message":"error Esto es algo malo","service":"app.js","timestamp":"2024-01-06T17:31:22.250Z"}
{"level":"info","message":"Hello World","service":"app.js","timestamp":"2024-01-06T17:31:25.871Z"}
{"level":"error","message":"error Esto es algo malo","service":"app.js","timestamp":"2024-01-06T17:31:25.873Z"}
{"level":"info","message":"Hello World","service":"app.js","timestamp":"2024-01-06T17:31:30.835Z"}
{"level":"error","message":"error Esto es algo malo","service":"app.js","timestamp":"2024-01-06T17:31:30.837Z"}
{"level":"info","message":"Hello World","service":"app.js","timestamp":"2024-01-06T17:31:32.735Z"}
{"level":"error","message":"error Esto es algo malo","service":"app.js","timestamp":"2024-01-06T17:31:32.737Z"}
{"level":"info","message":"Hello World","service":"app.js","timestamp":"2024-01-06T17:31:36.316Z"}
{"level":"error","message":"error Esto es algo malo","service":"app.js","timestamp":"2024-01-06T17:31:36.318Z"}
{"level":"info","message":"Hello World","service":"app.js","timestamp":"2024-01-06T17:31:42.489Z"}
{"level":"error","message":"error Esto es algo malo","service":"app.js","timestamp":"2024-01-06T17:31:42.491Z"}
{"level":"info","message":"Hello World","service":"app.js","timestamp":"2024-01-06T17:31:45.493Z"}
{"level":"error","message":"error Esto es algo malo","service":"app.js","timestamp":"2024-01-06T17:31:45.495Z"}
{"level":"info","message":"Hello World","service":"app.js","timestamp":"2024-01-06T17:31:47.417Z"}
{"level":"error","message":"error Esto es algo malo","service":"app.js","timestamp":"2024-01-06T17:31:47.419Z"}
{"level":"info","message":"Hello World","service":"app.js","timestamp":"2024-01-06T17:31:49.239Z"}
{"level":"error","message":"error Esto es algo malo","service":"app.js","timestamp":"2024-01-06T17:31:49.242Z"}
{"level":"info","message":"Hello World","service":"app.js","timestamp":"2024-01-06T17:31:52.219Z"}
{"level":"error","message":"error Esto es algo malo","service":"app.js","timestamp":"2024-01-06T17:31:52.221Z"}
{"level":"info","message":"Hello World","service":"app.js","timestamp":"2024-01-06T17:31:55.865Z"}
{"level":"error","message":"error Esto es algo malo","service":"app.js","timestamp":"2024-01-06T17:31:55.868Z"}
{"level":"info","message":"Hello World","service":"app.js","timestamp":"2024-01-06T17:32:02.583Z"}
{"level":"error","message":"error Esto es algo malo","service":"app.js","timestamp":"2024-01-06T17:32:02.585Z"}
{"level":"info","message":"Hello World","service":"app.js","timestamp":"2024-01-06T17:32:07.951Z"}
{"level":"error","message":"error Esto es algo malo","service":"app.js","timestamp":"2024-01-06T17:32:07.953Z"}
{"level":"info","message":"Hello World","service":"app.js","timestamp":"2024-01-06T17:32:09.278Z"}
{"level":"error","message":"error Esto es algo malo","service":"app.js","timestamp":"2024-01-06T17:32:09.280Z"}
{"level":"info","message":"Hello World","service":"app.js","timestamp":"2024-01-06T17:32:18.893Z"}
{"level":"error","message":"error Esto es algo malo","service":"app.js","timestamp":"2024-01-06T17:32:18.895Z"}
{"level":"info","message":"Hello World","service":"app.js","timestamp":"2024-01-06T17:32:28.167Z"}
{"level":"error","message":"error Esto es algo malo","service":"app.js","timestamp":"2024-01-06T17:32:28.169Z"}
{"level":"info","message":"Hello World","service":"app.js","timestamp":"2024-01-06T17:32:40.904Z"}
{"level":"error","message":"error Esto es algo malo","service":"app.js","timestamp":"2024-01-06T17:32:40.906Z"}
{"level":"info","message":"Hello World","service":"app.js","timestamp":"2024-01-06T17:32:44.046Z"}
{"level":"error","message":"error Esto es algo malo","service":"app.js","timestamp":"2024-01-06T17:32:44.049Z"}
{"level":"info","message":"Hello World","service":"app.js","timestamp":"2024-01-06T17:32:47.692Z"}
{"level":"error","message":"error Esto es algo malo","service":"app.js","timestamp":"2024-01-06T17:32:47.694Z"}
{"level":"info","message":"Hello World","service":"app.js","timestamp":"2024-01-06T17:32:50.194Z"}
{"level":"error","message":"error Esto es algo malo","service":"app.js","timestamp":"2024-01-06T17:32:50.197Z"}
{"level":"info","message":"Hello World","service":"app.js","timestamp":"2024-01-06T17:32:52.799Z"}
{"level":"error","message":"error Esto es algo malo","service":"app.js","timestamp":"2024-01-06T17:32:52.801Z"}
{"level":"info","message":"Hello World","service":"app.js","timestamp":"2024-01-06T17:32:58.368Z"}
{"level":"error","message":"error Esto es algo malo","service":"app.js","timestamp":"2024-01-06T17:32:58.370Z"}
{"level":"info","message":"Hello World","service":"app.js","timestamp":"2024-01-06T17:33:18.048Z"}
{"level":"error","message":"error Esto es algo malo","service":"app.js","timestamp":"2024-01-06T17:33:18.050Z"}
{"level":"info","message":"Hello World","service":"app.js","timestamp":"2024-01-06T17:33:23.559Z"}
{"level":"error","message":"error Esto es algo malo","service":"app.js","timestamp":"2024-01-06T17:33:23.561Z"}
{"level":"info","message":"Hello World","service":"app.js","timestamp":"2024-01-06T17:33:25.168Z"}
{"level":"error","message":"error Esto es algo malo","service":"app.js","timestamp":"2024-01-06T17:33:25.170Z"}
{"level":"info","message":"Hello World","service":"app.js","timestamp":"2024-01-06T17:33:26.633Z"}
{"level":"error","message":"error Esto es algo malo","service":"app.js","timestamp":"2024-01-06T17:33:26.635Z"}
{"level":"info","message":"Hello World","service":"app.js","timestamp":"2024-01-06T17:33:28.723Z"}
{"level":"error","message":"error Esto es algo malo","service":"app.js","timestamp":"2024-01-06T17:33:28.725Z"}
{"level":"info","message":"Hello World","service":"app.js","timestamp":"2024-01-06T17:33:30.433Z"}
{"level":"error","message":"error Esto es algo malo","service":"app.js","timestamp":"2024-01-06T17:33:30.435Z"}
{"level":"info","message":"Hello World","service":"app.js","timestamp":"2024-01-06T17:33:32.221Z"}
{"level":"error","message":"error Esto es algo malo","service":"app.js","timestamp":"2024-01-06T17:33:32.223Z"}
{"level":"info","message":"Hello World","service":"app.js","timestamp":"2024-01-06T17:33:52.527Z"}
{"level":"error","message":"error Esto es algo malo","service":"app.js","timestamp":"2024-01-06T17:33:52.529Z"}
{"level":"info","message":"Hello World","service":"app.js","timestamp":"2024-01-06T17:33:56.292Z"}
{"level":"error","message":"error Esto es algo malo","service":"app.js","timestamp":"2024-01-06T17:33:56.294Z"}
{"level":"info","message":"Hello World","service":"app.js","timestamp":"2024-01-06T17:34:16.591Z"}
{"level":"error","message":"error Esto es algo malo","service":"app.js","timestamp":"2024-01-06T17:34:16.593Z"}
{"level":"info","message":"Hello World","service":"app.js","timestamp":"2024-01-06T17:34:18.812Z"}
{"level":"error","message":"error Esto es algo malo","service":"app.js","timestamp":"2024-01-06T17:34:18.815Z"}
{"level":"info","message":"Hello World","service":"app.js","timestamp":"2024-01-06T17:34:22.845Z"}
{"level":"error","message":"error Esto es algo malo","service":"app.js","timestamp":"2024-01-06T17:34:22.847Z"}
{"level":"info","message":"Hello World","service":"app.js","timestamp":"2024-01-06T17:34:24.151Z"}
{"level":"error","message":"error Esto es algo malo","service":"app.js","timestamp":"2024-01-06T17:34:24.154Z"}
{"level":"info","message":"Hello World","service":"app.js","timestamp":"2024-01-06T17:34:26.681Z"}
{"level":"error","message":"error Esto es algo malo","service":"app.js","timestamp":"2024-01-06T17:34:26.683Z"}
{"level":"info","message":"Hello World","service":"app.js","timestamp":"2024-01-06T17:34:28.001Z"}
{"level":"error","message":"error Esto es algo malo","service":"app.js","timestamp":"2024-01-06T17:34:28.003Z"}
{"level":"info","message":"Hello World","service":"app.js","timestamp":"2024-01-06T17:34:30.393Z"}
{"level":"error","message":"error Esto es algo malo","service":"app.js","timestamp":"2024-01-06T17:34:30.395Z"}
{"level":"info","message":"Hello World","service":"app.js","timestamp":"2024-01-06T17:34:33.645Z"}
{"level":"error","message":"error Esto es algo malo","service":"app.js","timestamp":"2024-01-06T17:34:33.647Z"}
{"level":"info","message":"Hello World","service":"app.js","timestamp":"2024-01-06T17:34:37.690Z"}
{"level":"error","message":"error Esto es algo malo","service":"app.js","timestamp":"2024-01-06T17:34:37.692Z"}
{"level":"info","message":"Hello World","service":"app.js","timestamp":"2024-01-06T17:34:41.578Z"}
{"level":"error","message":"error Esto es algo malo","service":"app.js","timestamp":"2024-01-06T17:34:41.580Z"}
{"level":"info","message":"Hello World","service":"app.js","timestamp":"2024-01-06T17:34:43.027Z"}
{"level":"error","message":"error Esto es algo malo","service":"app.js","timestamp":"2024-01-06T17:34:43.029Z"}
{"level":"info","message":"Hello World","service":"app.js","timestamp":"2024-01-06T17:34:44.412Z"}
{"level":"error","message":"error Esto es algo malo","service":"app.js","timestamp":"2024-01-06T17:34:44.415Z"}
{"level":"info","message":"Hello World","service":"app.js","timestamp":"2024-01-06T17:34:51.988Z"}
{"level":"error","message":"error Esto es algo malo","service":"app.js","timestamp":"2024-01-06T17:34:51.990Z"}
{"level":"info","message":"Hello World","service":"app.js","timestamp":"2024-01-06T17:34:57.625Z"}
{"level":"error","message":"error Esto es algo malo","service":"app.js","timestamp":"2024-01-06T17:34:57.626Z"}
{"level":"info","message":"Hello World","service":"app.js","timestamp":"2024-01-06T17:35:01.351Z"}
{"level":"error","message":"error Esto es algo malo","service":"app.js","timestamp":"2024-01-06T17:35:01.353Z"}
{"level":"info","message":"Hello World","service":"app.js","timestamp":"2024-01-06T17:35:10.672Z"}
{"level":"error","message":"error Esto es algo malo","service":"app.js","timestamp":"2024-01-06T17:35:10.674Z"}
{"level":"info","message":"Hello World","service":"app.js","timestamp":"2024-01-06T17:35:11.904Z"}
{"level":"error","message":"error Esto es algo malo","service":"app.js","timestamp":"2024-01-06T17:35:11.906Z"}
{"level":"info","message":"Hello World","service":"app.js","timestamp":"2024-01-06T17:35:13.498Z"}
{"level":"error","message":"error Esto es algo malo","service":"app.js","timestamp":"2024-01-06T17:35:13.500Z"}
{"level":"info","message":"Hello World","service":"app.js","timestamp":"2024-01-06T17:35:19.669Z"}
{"level":"error","message":"error Esto es algo malo","service":"app.js","timestamp":"2024-01-06T17:35:19.671Z"}
{"level":"info","message":"Hello World","service":"app.js","timestamp":"2024-01-06T17:35:36.250Z"}
{"level":"error","message":"error Esto es algo malo","service":"app.js","timestamp":"2024-01-06T17:35:36.252Z"}
{"level":"info","message":"Hello World","service":"app.js","timestamp":"2024-01-06T17:35:40.211Z"}
{"level":"error","message":"error Esto es algo malo","service":"app.js","timestamp":"2024-01-06T17:35:40.213Z"}
{"level":"info","message":"Hello World","service":"app.js","timestamp":"2024-01-06T17:35:58.952Z"}
{"level":"error","message":"error Esto es algo malo","service":"app.js","timestamp":"2024-01-06T17:35:58.955Z"}
{"level":"info","message":"Hello World","service":"app.js","timestamp":"2024-01-06T17:36:01.485Z"}
{"level":"error","message":"error Esto es algo malo","service":"app.js","timestamp":"2024-01-06T17:36:01.487Z"}
{"level":"info","message":"Hello World","service":"app.js","timestamp":"2024-01-06T17:36:10.188Z"}
{"level":"error","message":"error Esto es algo malo","service":"app.js","timestamp":"2024-01-06T17:36:10.190Z"}
{"level":"info","message":"Hello World","service":"app.js","timestamp":"2024-01-06T17:36:19.102Z"}
{"level":"error","message":"error Esto es algo malo","service":"app.js","timestamp":"2024-01-06T17:36:19.104Z"}
{"level":"info","message":"Hello World","service":"app.js","timestamp":"2024-01-06T17:36:20.915Z"}
{"level":"error","message":"error Esto es algo malo","service":"app.js","timestamp":"2024-01-06T17:36:20.918Z"}
{"level":"info","message":"Hello World","service":"app.js","timestamp":"2024-01-06T17:36:24.564Z"}
{"level":"error","message":"error Esto es algo malo","service":"app.js","timestamp":"2024-01-06T17:36:24.568Z"}
{"level":"info","message":"Hello World","service":"app.js","timestamp":"2024-01-06T17:36:39.097Z"}
{"level":"error","message":"error Esto es algo malo","service":"app.js","timestamp":"2024-01-06T17:36:39.100Z"}
{"level":"info","message":"Hello World","service":"app.js","timestamp":"2024-01-06T17:36:41.894Z"}
{"level":"error","message":"error Esto es algo malo","service":"app.js","timestamp":"2024-01-06T17:36:41.896Z"}
{"level":"info","message":"Hello World","service":"app.js","timestamp":"2024-01-06T17:36:50.963Z"}
{"level":"error","message":"error Esto es algo malo","service":"app.js","timestamp":"2024-01-06T17:36:50.965Z"}
{"level":"info","message":"Hello World","service":"app.js","timestamp":"2024-01-06T17:45:35.455Z"}
{"level":"error","message":"error Esto es algo malo","service":"app.js","timestamp":"2024-01-06T17:45:35.458Z"}
